[2024-05-28 01:47:21Z INFO HostContext] No proxy settings were found based on environmental variables (http_proxy/https_proxy/HTTP_PROXY/HTTPS_PROXY)
[2024-05-28 01:47:21Z INFO HostContext] Well known directory 'Bin': 'C:\Users\Prahlad.000\Downloads\prahladchandra-master\prahladchandra-master\actions-runner\bin'
[2024-05-28 01:47:21Z INFO HostContext] Well known directory 'Root': 'C:\Users\Prahlad.000\Downloads\prahladchandra-master\prahladchandra-master\actions-runner'
[2024-05-28 01:47:21Z INFO HostContext] Well known config file 'Credentials': 'C:\Users\Prahlad.000\Downloads\prahladchandra-master\prahladchandra-master\actions-runner\.credentials'
[2024-05-28 01:47:21Z INFO HostContext] Well known directory 'Bin': 'C:\Users\Prahlad.000\Downloads\prahladchandra-master\prahladchandra-master\actions-runner\bin'
[2024-05-28 01:47:21Z INFO HostContext] Well known directory 'Root': 'C:\Users\Prahlad.000\Downloads\prahladchandra-master\prahladchandra-master\actions-runner'
[2024-05-28 01:47:21Z INFO HostContext] Well known config file 'Runner': 'C:\Users\Prahlad.000\Downloads\prahladchandra-master\prahladchandra-master\actions-runner\.runner'
[2024-05-28 01:47:21Z INFO Listener] Runner is built for Windows (X64) - win-x64.
[2024-05-28 01:47:21Z INFO Listener] RuntimeInformation: Microsoft Windows 10.0.22621.
[2024-05-28 01:47:21Z INFO Listener] Version: 2.316.1
[2024-05-28 01:47:21Z INFO Listener] Commit: 9ac138d10eac15c71493f004f1b1bc919ead40de
[2024-05-28 01:47:21Z INFO Listener] Culture: en-IN
[2024-05-28 01:47:21Z INFO Listener] UI Culture: en-US
[2024-05-28 01:47:21Z INFO HostContext] Well known directory 'Bin': 'C:\Users\Prahlad.000\Downloads\prahladchandra-master\prahladchandra-master\actions-runner\bin'
[2024-05-28 01:47:21Z INFO HostContext] Well known directory 'Root': 'C:\Users\Prahlad.000\Downloads\prahladchandra-master\prahladchandra-master\actions-runner'
[2024-05-28 01:47:21Z INFO Listener] Validating directory permissions for: 'C:\Users\Prahlad.000\Downloads\prahladchandra-master\prahladchandra-master\actions-runner'
[2024-05-28 01:47:21Z INFO CommandLineParser] Parse
[2024-05-28 01:47:21Z INFO CommandLineParser] Parsing 1 args
[2024-05-28 01:47:21Z INFO CommandLineParser] parsing argument
[2024-05-28 01:47:21Z INFO CommandLineParser] HasArgs: False
[2024-05-28 01:47:21Z INFO CommandLineParser] Adding Command: run
[2024-05-28 01:47:21Z INFO Listener] Arguments parsed
[2024-05-28 01:47:21Z INFO Runner] ExecuteCommand
[2024-05-28 01:47:21Z INFO ConfigurationStore] currentAssemblyLocation: C:\Users\Prahlad.000\Downloads\prahladchandra-master\prahladchandra-master\actions-runner\bin\Runner.Listener.dll
[2024-05-28 01:47:21Z INFO HostContext] Well known directory 'Bin': 'C:\Users\Prahlad.000\Downloads\prahladchandra-master\prahladchandra-master\actions-runner\bin'
[2024-05-28 01:47:21Z INFO ConfigurationStore] binPath: C:\Users\Prahlad.000\Downloads\prahladchandra-master\prahladchandra-master\actions-runner\bin
[2024-05-28 01:47:21Z INFO HostContext] Well known directory 'Bin': 'C:\Users\Prahlad.000\Downloads\prahladchandra-master\prahladchandra-master\actions-runner\bin'
[2024-05-28 01:47:21Z INFO HostContext] Well known directory 'Root': 'C:\Users\Prahlad.000\Downloads\prahladchandra-master\prahladchandra-master\actions-runner'
[2024-05-28 01:47:21Z INFO ConfigurationStore] RootFolder: C:\Users\Prahlad.000\Downloads\prahladchandra-master\prahladchandra-master\actions-runner
[2024-05-28 01:47:21Z INFO HostContext] Well known directory 'Bin': 'C:\Users\Prahlad.000\Downloads\prahladchandra-master\prahladchandra-master\actions-runner\bin'
[2024-05-28 01:47:21Z INFO HostContext] Well known directory 'Root': 'C:\Users\Prahlad.000\Downloads\prahladchandra-master\prahladchandra-master\actions-runner'
[2024-05-28 01:47:21Z INFO HostContext] Well known config file 'Runner': 'C:\Users\Prahlad.000\Downloads\prahladchandra-master\prahladchandra-master\actions-runner\.runner'
[2024-05-28 01:47:21Z INFO ConfigurationStore] ConfigFilePath: C:\Users\Prahlad.000\Downloads\prahladchandra-master\prahladchandra-master\actions-runner\.runner
[2024-05-28 01:47:21Z INFO HostContext] Well known directory 'Bin': 'C:\Users\Prahlad.000\Downloads\prahladchandra-master\prahladchandra-master\actions-runner\bin'
[2024-05-28 01:47:21Z INFO HostContext] Well known directory 'Root': 'C:\Users\Prahlad.000\Downloads\prahladchandra-master\prahladchandra-master\actions-runner'
[2024-05-28 01:47:21Z INFO HostContext] Well known config file 'Credentials': 'C:\Users\Prahlad.000\Downloads\prahladchandra-master\prahladchandra-master\actions-runner\.credentials'
[2024-05-28 01:47:21Z INFO ConfigurationStore] CredFilePath: C:\Users\Prahlad.000\Downloads\prahladchandra-master\prahladchandra-master\actions-runner\.credentials
[2024-05-28 01:47:21Z INFO HostContext] Well known directory 'Bin': 'C:\Users\Prahlad.000\Downloads\prahladchandra-master\prahladchandra-master\actions-runner\bin'
[2024-05-28 01:47:21Z INFO HostContext] Well known directory 'Root': 'C:\Users\Prahlad.000\Downloads\prahladchandra-master\prahladchandra-master\actions-runner'
[2024-05-28 01:47:21Z INFO HostContext] Well known config file 'MigratedCredentials': 'C:\Users\Prahlad.000\Downloads\prahladchandra-master\prahladchandra-master\actions-runner\.credentials_migrated'
[2024-05-28 01:47:21Z INFO ConfigurationStore] MigratedCredFilePath: C:\Users\Prahlad.000\Downloads\prahladchandra-master\prahladchandra-master\actions-runner\.credentials_migrated
[2024-05-28 01:47:21Z INFO HostContext] Well known directory 'Bin': 'C:\Users\Prahlad.000\Downloads\prahladchandra-master\prahladchandra-master\actions-runner\bin'
[2024-05-28 01:47:21Z INFO HostContext] Well known directory 'Root': 'C:\Users\Prahlad.000\Downloads\prahladchandra-master\prahladchandra-master\actions-runner'
[2024-05-28 01:47:21Z INFO HostContext] Well known config file 'Service': 'C:\Users\Prahlad.000\Downloads\prahladchandra-master\prahladchandra-master\actions-runner\.service'
[2024-05-28 01:47:21Z INFO ConfigurationStore] ServiceConfigFilePath: C:\Users\Prahlad.000\Downloads\prahladchandra-master\prahladchandra-master\actions-runner\.service
[2024-05-28 01:47:21Z INFO CommandSettings] Flag 'help': 'False'
[2024-05-28 01:47:21Z INFO CommandSettings] Flag 'version': 'False'
[2024-05-28 01:47:21Z INFO CommandSettings] Flag 'commit': 'False'
[2024-05-28 01:47:21Z INFO CommandSettings] Flag 'check': 'False'
[2024-05-28 01:47:21Z INFO CommandSettings] Command 'configure': 'False'
[2024-05-28 01:47:21Z INFO CommandSettings] Command 'remove': 'False'
[2024-05-28 01:47:21Z INFO CommandSettings] Command 'warmup': 'False'
[2024-05-28 01:47:21Z INFO ConfigurationManager] LoadSettings
[2024-05-28 01:47:21Z INFO ConfigurationStore] IsConfigured()
[2024-05-28 01:47:21Z INFO ConfigurationStore] IsConfigured: True
[2024-05-28 01:47:21Z INFO ConfigurationManager] Is configured: True
[2024-05-28 01:47:21Z INFO ConfigurationStore] Read setting file: 312 chars
[2024-05-28 01:47:21Z INFO ConfigurationManager] Settings Loaded
[2024-05-28 01:47:21Z INFO ConfigurationStore] IsServiceConfigured()
[2024-05-28 01:47:21Z INFO ConfigurationStore] IsServiceConfigured: False
[2024-05-28 01:47:21Z INFO CommandSettings] Command 'run': 'True'
[2024-05-28 01:47:21Z INFO ConfigurationStore] IsConfigured()
[2024-05-28 01:47:21Z INFO ConfigurationStore] IsConfigured: True
[2024-05-28 01:47:21Z INFO ConfigurationManager] Is configured: True
[2024-05-28 01:47:21Z INFO Runner] Could not parse the argument value '' for StartupType. Defaulting to Manual
[2024-05-28 01:47:21Z INFO Runner] Set runner startup type - Manual
[2024-05-28 01:47:21Z INFO CommandSettings] Flag 'once': 'False'
[2024-05-28 01:47:21Z INFO CommandSettings] Flag 'once': 'False'
[2024-05-28 01:47:21Z INFO Runner] RunAsync
[2024-05-28 01:47:21Z INFO ConfigurationManager] LoadSettings
[2024-05-28 01:47:21Z INFO ConfigurationStore] IsConfigured()
[2024-05-28 01:47:21Z INFO ConfigurationStore] IsConfigured: True
[2024-05-28 01:47:21Z INFO ConfigurationManager] Is configured: True
[2024-05-28 01:47:21Z INFO ConfigurationManager] Settings Loaded
[2024-05-28 01:47:21Z INFO MessageListener] {
  "AgentId": 21,
  "AgentName": "Prahlad Git lab",
  "PoolId": 1,
  "PoolName": "Default",
  "ServerUrl": "https://pipelinesghubeus11.actions.githubusercontent.com/pCQifkdEQdckQQZLmbuHN8elsyNnvL02gpQIwXTnT5UpvWFIrL/",
  "GitHubUrl": "https://github.com/prahladchandra/prahladchandra",
  "WorkFolder": "_work"
}
[2024-05-28 01:47:21Z INFO MessageListener] Loading Credentials
[2024-05-28 01:47:21Z INFO ConfigurationStore] HasCredentials()
[2024-05-28 01:47:21Z INFO ConfigurationStore] stored True
[2024-05-28 01:47:21Z INFO CredentialManager] GetCredentialProvider
[2024-05-28 01:47:21Z INFO CredentialManager] Creating type OAuth
[2024-05-28 01:47:21Z INFO CredentialManager] Creating credential type: OAuth
[2024-05-28 01:47:21Z INFO HostContext] Well known directory 'Bin': 'C:\Users\Prahlad.000\Downloads\prahladchandra-master\prahladchandra-master\actions-runner\bin'
[2024-05-28 01:47:21Z INFO HostContext] Well known directory 'Root': 'C:\Users\Prahlad.000\Downloads\prahladchandra-master\prahladchandra-master\actions-runner'
[2024-05-28 01:47:21Z INFO HostContext] Well known config file 'RSACredentials': 'C:\Users\Prahlad.000\Downloads\prahladchandra-master\prahladchandra-master\actions-runner\.credentials_rsaparams'
[2024-05-28 01:47:22Z INFO RSAEncryptedFileKeyManager] Loading RSA key parameters from file C:\Users\Prahlad.000\Downloads\prahladchandra-master\prahladchandra-master\actions-runner\.credentials_rsaparams
[2024-05-28 01:47:22Z INFO MessageListener] Attempt to create session.
[2024-05-28 01:47:22Z INFO MessageListener] Connecting to the Runner Server...
[2024-05-28 01:47:22Z INFO RunnerServer] EstablishVssConnection
[2024-05-28 01:47:22Z INFO RunnerServer] Establish connection with 100 seconds timeout.
[2024-05-28 01:47:22Z INFO GitHubActionsService] Starting operation Location.GetConnectionData
[2024-05-28 01:47:22Z INFO RunnerServer] EstablishVssConnection
[2024-05-28 01:47:22Z INFO RunnerServer] Establish connection with 60 seconds timeout.
[2024-05-28 01:47:22Z INFO GitHubActionsService] Starting operation Location.GetConnectionData
[2024-05-28 01:47:22Z INFO RunnerServer] EstablishVssConnection
[2024-05-28 01:47:22Z INFO RunnerServer] Establish connection with 60 seconds timeout.
[2024-05-28 01:47:22Z INFO GitHubActionsService] Starting operation Location.GetConnectionData
[2024-05-28 01:47:24Z INFO GitHubActionsService] Finished operation Location.GetConnectionData
[2024-05-28 01:47:24Z INFO GitHubActionsService] Finished operation Location.GetConnectionData
[2024-05-28 01:47:24Z INFO GitHubActionsService] Finished operation Location.GetConnectionData
[2024-05-28 01:47:24Z INFO MessageListener] VssConnection created
[2024-05-28 01:47:24Z INFO Terminal] WRITE LINE: 
[2024-05-28 01:47:24Z INFO Terminal] WRITE LINE: 
[2024-05-28 01:47:24Z INFO RSAEncryptedFileKeyManager] Loading RSA key parameters from file C:\Users\Prahlad.000\Downloads\prahladchandra-master\prahladchandra-master\actions-runner\.credentials_rsaparams
[2024-05-28 01:47:24Z INFO RSAEncryptedFileKeyManager] Loading RSA key parameters from file C:\Users\Prahlad.000\Downloads\prahladchandra-master\prahladchandra-master\actions-runner\.credentials_rsaparams
[2024-05-28 01:47:26Z INFO GitHubActionsService] AAD Correlation ID for this token request: Unknown
[2024-05-28 01:47:26Z INFO MessageListener] Session created.
[2024-05-28 01:47:26Z INFO Terminal] WRITE LINE: Current runner version: '2.316.1'
[2024-05-28 01:47:26Z INFO Terminal] WRITE LINE: 2024-05-28 01:47:26Z: Listening for Jobs
[2024-05-28 01:47:26Z INFO JobDispatcher] Set runner/worker IPC timeout to 30 seconds.
[2024-05-28 01:56:31Z INFO Terminal] WRITE LINE: Exiting...
[2024-05-28 01:56:31Z INFO ConfigurationStore] IsServiceConfigured()
[2024-05-28 01:56:31Z INFO ConfigurationStore] IsServiceConfigured: False
[2024-05-28 01:56:31Z INFO HostContext] Runner will be shutdown for UserCancelled
[2024-05-28 01:56:31Z WARN GitHubActionsService] GET request to https://pipelinesghubeus11.actions.githubusercontent.com/pCQifkdEQdckQQZLmbuHN8elsyNnvL02gpQIwXTnT5UpvWFIrL/_apis/distributedtask/pools/1/messages?sessionId=6e4d540e-2971-415d-ac97-a64a922de2fb&status=Online&runnerVersion=2.316.1&os=Windows&architecture=X64&disableUpdate=false has been cancelled.
[2024-05-28 01:56:31Z INFO MessageListener] Get next message has been cancelled.
[2024-05-28 01:56:31Z INFO JobDispatcher] Shutting down JobDispatcher. Make sure all WorkerDispatcher has finished.
[2024-05-28 01:56:31Z INFO Runner] Deleting Runner Session...
[2024-05-28 01:56:32Z INFO Listener] Runner execution been cancelled.
