[2024-05-27 18:13:14Z INFO HostContext] No proxy settings were found based on environmental variables (http_proxy/https_proxy/HTTP_PROXY/HTTPS_PROXY)
[2024-05-27 18:13:14Z INFO HostContext] Well known directory 'Bin': 'C:\Users\Prahlad.000\Downloads\html-css-js-portfolio-tutorial-2-main\Prahlad_Website\actions-runner\bin'
[2024-05-27 18:13:14Z INFO HostContext] Well known directory 'Root': 'C:\Users\Prahlad.000\Downloads\html-css-js-portfolio-tutorial-2-main\Prahlad_Website\actions-runner'
[2024-05-27 18:13:14Z INFO HostContext] Well known config file 'Credentials': 'C:\Users\Prahlad.000\Downloads\html-css-js-portfolio-tutorial-2-main\Prahlad_Website\actions-runner\.credentials'
[2024-05-27 18:13:16Z INFO HostContext] Well known directory 'Bin': 'C:\Users\Prahlad.000\Downloads\html-css-js-portfolio-tutorial-2-main\Prahlad_Website\actions-runner\bin'
[2024-05-27 18:13:16Z INFO HostContext] Well known directory 'Root': 'C:\Users\Prahlad.000\Downloads\html-css-js-portfolio-tutorial-2-main\Prahlad_Website\actions-runner'
[2024-05-27 18:13:16Z INFO HostContext] Well known config file 'Runner': 'C:\Users\Prahlad.000\Downloads\html-css-js-portfolio-tutorial-2-main\Prahlad_Website\actions-runner\.runner'
[2024-05-27 18:13:16Z INFO Listener] Runner is built for Windows (X64) - win-x64.
[2024-05-27 18:13:16Z INFO Listener] RuntimeInformation: Microsoft Windows 10.0.22621.
[2024-05-27 18:13:16Z INFO Listener] Version: 2.316.1
[2024-05-27 18:13:16Z INFO Listener] Commit: 9ac138d10eac15c71493f004f1b1bc919ead40de
[2024-05-27 18:13:16Z INFO Listener] Culture: en-IN
[2024-05-27 18:13:16Z INFO Listener] UI Culture: en-US
[2024-05-27 18:13:16Z INFO HostContext] Well known directory 'Bin': 'C:\Users\Prahlad.000\Downloads\html-css-js-portfolio-tutorial-2-main\Prahlad_Website\actions-runner\bin'
[2024-05-27 18:13:16Z INFO HostContext] Well known directory 'Root': 'C:\Users\Prahlad.000\Downloads\html-css-js-portfolio-tutorial-2-main\Prahlad_Website\actions-runner'
[2024-05-27 18:13:16Z INFO Listener] Validating directory permissions for: 'C:\Users\Prahlad.000\Downloads\html-css-js-portfolio-tutorial-2-main\Prahlad_Website\actions-runner'
[2024-05-27 18:13:16Z INFO CommandLineParser] Parse
[2024-05-27 18:13:16Z INFO CommandLineParser] Parsing 1 args
[2024-05-27 18:13:16Z INFO CommandLineParser] parsing argument
[2024-05-27 18:13:16Z INFO CommandLineParser] HasArgs: False
[2024-05-27 18:13:16Z INFO CommandLineParser] Adding Command: run
[2024-05-27 18:13:16Z INFO Listener] Arguments parsed
[2024-05-27 18:13:16Z INFO Runner] ExecuteCommand
[2024-05-27 18:13:16Z INFO ConfigurationStore] currentAssemblyLocation: C:\Users\Prahlad.000\Downloads\html-css-js-portfolio-tutorial-2-main\Prahlad_Website\actions-runner\bin\Runner.Listener.dll
[2024-05-27 18:13:16Z INFO HostContext] Well known directory 'Bin': 'C:\Users\Prahlad.000\Downloads\html-css-js-portfolio-tutorial-2-main\Prahlad_Website\actions-runner\bin'
[2024-05-27 18:13:16Z INFO ConfigurationStore] binPath: C:\Users\Prahlad.000\Downloads\html-css-js-portfolio-tutorial-2-main\Prahlad_Website\actions-runner\bin
[2024-05-27 18:13:16Z INFO HostContext] Well known directory 'Bin': 'C:\Users\Prahlad.000\Downloads\html-css-js-portfolio-tutorial-2-main\Prahlad_Website\actions-runner\bin'
[2024-05-27 18:13:16Z INFO HostContext] Well known directory 'Root': 'C:\Users\Prahlad.000\Downloads\html-css-js-portfolio-tutorial-2-main\Prahlad_Website\actions-runner'
[2024-05-27 18:13:16Z INFO ConfigurationStore] RootFolder: C:\Users\Prahlad.000\Downloads\html-css-js-portfolio-tutorial-2-main\Prahlad_Website\actions-runner
[2024-05-27 18:13:16Z INFO HostContext] Well known directory 'Bin': 'C:\Users\Prahlad.000\Downloads\html-css-js-portfolio-tutorial-2-main\Prahlad_Website\actions-runner\bin'
[2024-05-27 18:13:16Z INFO HostContext] Well known directory 'Root': 'C:\Users\Prahlad.000\Downloads\html-css-js-portfolio-tutorial-2-main\Prahlad_Website\actions-runner'
[2024-05-27 18:13:16Z INFO HostContext] Well known config file 'Runner': 'C:\Users\Prahlad.000\Downloads\html-css-js-portfolio-tutorial-2-main\Prahlad_Website\actions-runner\.runner'
[2024-05-27 18:13:16Z INFO ConfigurationStore] ConfigFilePath: C:\Users\Prahlad.000\Downloads\html-css-js-portfolio-tutorial-2-main\Prahlad_Website\actions-runner\.runner
[2024-05-27 18:13:16Z INFO HostContext] Well known directory 'Bin': 'C:\Users\Prahlad.000\Downloads\html-css-js-portfolio-tutorial-2-main\Prahlad_Website\actions-runner\bin'
[2024-05-27 18:13:16Z INFO HostContext] Well known directory 'Root': 'C:\Users\Prahlad.000\Downloads\html-css-js-portfolio-tutorial-2-main\Prahlad_Website\actions-runner'
[2024-05-27 18:13:16Z INFO HostContext] Well known config file 'Credentials': 'C:\Users\Prahlad.000\Downloads\html-css-js-portfolio-tutorial-2-main\Prahlad_Website\actions-runner\.credentials'
[2024-05-27 18:13:16Z INFO ConfigurationStore] CredFilePath: C:\Users\Prahlad.000\Downloads\html-css-js-portfolio-tutorial-2-main\Prahlad_Website\actions-runner\.credentials
[2024-05-27 18:13:16Z INFO HostContext] Well known directory 'Bin': 'C:\Users\Prahlad.000\Downloads\html-css-js-portfolio-tutorial-2-main\Prahlad_Website\actions-runner\bin'
[2024-05-27 18:13:16Z INFO HostContext] Well known directory 'Root': 'C:\Users\Prahlad.000\Downloads\html-css-js-portfolio-tutorial-2-main\Prahlad_Website\actions-runner'
[2024-05-27 18:13:16Z INFO HostContext] Well known config file 'MigratedCredentials': 'C:\Users\Prahlad.000\Downloads\html-css-js-portfolio-tutorial-2-main\Prahlad_Website\actions-runner\.credentials_migrated'
[2024-05-27 18:13:16Z INFO ConfigurationStore] MigratedCredFilePath: C:\Users\Prahlad.000\Downloads\html-css-js-portfolio-tutorial-2-main\Prahlad_Website\actions-runner\.credentials_migrated
[2024-05-27 18:13:16Z INFO HostContext] Well known directory 'Bin': 'C:\Users\Prahlad.000\Downloads\html-css-js-portfolio-tutorial-2-main\Prahlad_Website\actions-runner\bin'
[2024-05-27 18:13:16Z INFO HostContext] Well known directory 'Root': 'C:\Users\Prahlad.000\Downloads\html-css-js-portfolio-tutorial-2-main\Prahlad_Website\actions-runner'
[2024-05-27 18:13:16Z INFO HostContext] Well known config file 'Service': 'C:\Users\Prahlad.000\Downloads\html-css-js-portfolio-tutorial-2-main\Prahlad_Website\actions-runner\.service'
[2024-05-27 18:13:16Z INFO ConfigurationStore] ServiceConfigFilePath: C:\Users\Prahlad.000\Downloads\html-css-js-portfolio-tutorial-2-main\Prahlad_Website\actions-runner\.service
[2024-05-27 18:13:16Z INFO CommandSettings] Flag 'help': 'False'
[2024-05-27 18:13:16Z INFO CommandSettings] Flag 'version': 'False'
[2024-05-27 18:13:16Z INFO CommandSettings] Flag 'commit': 'False'
[2024-05-27 18:13:16Z INFO CommandSettings] Flag 'check': 'False'
[2024-05-27 18:13:16Z INFO CommandSettings] Command 'configure': 'False'
[2024-05-27 18:13:16Z INFO CommandSettings] Command 'remove': 'False'
[2024-05-27 18:13:16Z INFO CommandSettings] Command 'warmup': 'False'
[2024-05-27 18:13:16Z INFO ConfigurationManager] LoadSettings
[2024-05-27 18:13:16Z INFO ConfigurationStore] IsConfigured()
[2024-05-27 18:13:16Z INFO ConfigurationStore] IsConfigured: True
[2024-05-27 18:13:16Z INFO ConfigurationManager] Is configured: True
[2024-05-27 18:13:16Z INFO ConfigurationStore] Read setting file: 320 chars
[2024-05-27 18:13:16Z INFO ConfigurationManager] Settings Loaded
[2024-05-27 18:13:16Z INFO ConfigurationStore] IsServiceConfigured()
[2024-05-27 18:13:16Z INFO ConfigurationStore] IsServiceConfigured: False
[2024-05-27 18:13:16Z INFO CommandSettings] Command 'run': 'True'
[2024-05-27 18:13:16Z INFO ConfigurationStore] IsConfigured()
[2024-05-27 18:13:16Z INFO ConfigurationStore] IsConfigured: True
[2024-05-27 18:13:16Z INFO ConfigurationManager] Is configured: True
[2024-05-27 18:13:16Z INFO Runner] Could not parse the argument value '' for StartupType. Defaulting to Manual
[2024-05-27 18:13:16Z INFO Runner] Set runner startup type - Manual
[2024-05-27 18:13:16Z INFO CommandSettings] Flag 'once': 'False'
[2024-05-27 18:13:16Z INFO CommandSettings] Flag 'once': 'False'
[2024-05-27 18:13:16Z INFO Runner] RunAsync
[2024-05-27 18:13:16Z INFO ConfigurationManager] LoadSettings
[2024-05-27 18:13:16Z INFO ConfigurationStore] IsConfigured()
[2024-05-27 18:13:16Z INFO ConfigurationStore] IsConfigured: True
[2024-05-27 18:13:16Z INFO ConfigurationManager] Is configured: True
[2024-05-27 18:13:16Z INFO ConfigurationManager] Settings Loaded
[2024-05-27 18:13:16Z INFO MessageListener] {
  "AgentId": 21,
  "AgentName": "Prahlad Git lab",
  "PoolId": 1,
  "PoolName": "Default",
  "ServerUrl": "https://pipelinesghubeus11.actions.githubusercontent.com/pCQifkdEQdckQQZLmbuHN8elsyNnvL02gpQIwXTnT5UpvWFIrL/",
  "GitHubUrl": "https://github.com/prahladchandra/prahladchandra",
  "WorkFolder": "_work"
}
[2024-05-27 18:13:16Z INFO MessageListener] Loading Credentials
[2024-05-27 18:13:16Z INFO ConfigurationStore] HasCredentials()
[2024-05-27 18:13:16Z INFO ConfigurationStore] stored True
[2024-05-27 18:13:16Z INFO CredentialManager] GetCredentialProvider
[2024-05-27 18:13:16Z INFO CredentialManager] Creating type OAuth
[2024-05-27 18:13:16Z INFO CredentialManager] Creating credential type: OAuth
[2024-05-27 18:13:16Z INFO HostContext] Well known directory 'Bin': 'C:\Users\Prahlad.000\Downloads\html-css-js-portfolio-tutorial-2-main\Prahlad_Website\actions-runner\bin'
[2024-05-27 18:13:16Z INFO HostContext] Well known directory 'Root': 'C:\Users\Prahlad.000\Downloads\html-css-js-portfolio-tutorial-2-main\Prahlad_Website\actions-runner'
[2024-05-27 18:13:16Z INFO HostContext] Well known config file 'RSACredentials': 'C:\Users\Prahlad.000\Downloads\html-css-js-portfolio-tutorial-2-main\Prahlad_Website\actions-runner\.credentials_rsaparams'
[2024-05-27 18:13:16Z INFO RSAEncryptedFileKeyManager] Loading RSA key parameters from file C:\Users\Prahlad.000\Downloads\html-css-js-portfolio-tutorial-2-main\Prahlad_Website\actions-runner\.credentials_rsaparams
[2024-05-27 18:13:16Z INFO MessageListener] Attempt to create session.
[2024-05-27 18:13:16Z INFO MessageListener] Connecting to the Runner Server...
[2024-05-27 18:13:16Z INFO RunnerServer] EstablishVssConnection
[2024-05-27 18:13:16Z INFO RunnerServer] Establish connection with 100 seconds timeout.
[2024-05-27 18:13:16Z INFO GitHubActionsService] Starting operation Location.GetConnectionData
[2024-05-27 18:13:16Z INFO RunnerServer] EstablishVssConnection
[2024-05-27 18:13:16Z INFO RunnerServer] Establish connection with 60 seconds timeout.
[2024-05-27 18:13:16Z INFO GitHubActionsService] Starting operation Location.GetConnectionData
[2024-05-27 18:13:16Z INFO RunnerServer] EstablishVssConnection
[2024-05-27 18:13:16Z INFO RunnerServer] Establish connection with 60 seconds timeout.
[2024-05-27 18:13:16Z INFO GitHubActionsService] Starting operation Location.GetConnectionData
[2024-05-27 18:13:18Z INFO GitHubActionsService] Finished operation Location.GetConnectionData
[2024-05-27 18:13:18Z INFO GitHubActionsService] Finished operation Location.GetConnectionData
[2024-05-27 18:13:18Z INFO GitHubActionsService] Finished operation Location.GetConnectionData
[2024-05-27 18:13:18Z INFO MessageListener] VssConnection created
[2024-05-27 18:13:18Z INFO Terminal] WRITE LINE: 
[2024-05-27 18:13:18Z INFO Terminal] WRITE LINE: 
[2024-05-27 18:13:19Z INFO RSAEncryptedFileKeyManager] Loading RSA key parameters from file C:\Users\Prahlad.000\Downloads\html-css-js-portfolio-tutorial-2-main\Prahlad_Website\actions-runner\.credentials_rsaparams
[2024-05-27 18:13:19Z INFO RSAEncryptedFileKeyManager] Loading RSA key parameters from file C:\Users\Prahlad.000\Downloads\html-css-js-portfolio-tutorial-2-main\Prahlad_Website\actions-runner\.credentials_rsaparams
[2024-05-27 18:13:21Z INFO GitHubActionsService] AAD Correlation ID for this token request: Unknown
[2024-05-27 18:13:21Z ERR  GitHubActionsService] POST request to https://pipelinesghubeus11.actions.githubusercontent.com/pCQifkdEQdckQQZLmbuHN8elsyNnvL02gpQIwXTnT5UpvWFIrL/_apis/distributedtask/pools/1/sessions failed. HTTP Status: Conflict
[2024-05-27 18:13:21Z ERR  MessageListener] Catch exception during create session.
[2024-05-27 18:13:21Z ERR  MessageListener] GitHub.DistributedTask.WebApi.TaskAgentSessionConflictException: The actions runner Prahlad Git lab already has an active session for owner DESKTOP-BRUIQ73.
   at GitHub.Services.WebApi.VssHttpClientBase.HandleResponseAsync(HttpResponseMessage response, CancellationToken cancellationToken)
   at GitHub.Services.WebApi.VssHttpClientBase.SendAsync(HttpRequestMessage message, HttpCompletionOption completionOption, Object userState, CancellationToken cancellationToken)
   at GitHub.Services.WebApi.VssHttpClientBase.SendAsync[T](HttpRequestMessage message, Object userState, CancellationToken cancellationToken)
   at GitHub.Services.WebApi.VssHttpClientBase.SendAsync[T](HttpMethod method, IEnumerable`1 additionalHeaders, Guid locationId, Object routeValues, ApiResourceVersion version, HttpContent content, IEnumerable`1 queryParameters, Object userState, CancellationToken cancellationToken)
   at GitHub.Runner.Listener.MessageListener.CreateSessionAsync(CancellationToken token)
[2024-05-27 18:13:21Z INFO MessageListener] The session for this runner already exists.
[2024-05-27 18:13:21Z ERR  Terminal] WRITE ERROR: A session for this runner already exists.
[2024-05-27 18:13:21Z INFO MessageListener] The session conflict exception haven't reached retry limit.
[2024-05-27 18:13:21Z ERR  Terminal] WRITE ERROR: 2024-05-27 18:13:21Z: Runner connect error: The actions runner Prahlad Git lab already has an active session for owner DESKTOP-BRUIQ73.. Retrying until reconnected.
[2024-05-27 18:13:21Z INFO MessageListener] Sleeping for 30 seconds before retrying.
[2024-05-27 18:13:51Z INFO MessageListener] Attempt to create session.
[2024-05-27 18:13:51Z INFO MessageListener] Connecting to the Runner Server...
[2024-05-27 18:13:51Z INFO RunnerServer] EstablishVssConnection
[2024-05-27 18:13:51Z INFO RunnerServer] Establish connection with 100 seconds timeout.
[2024-05-27 18:13:51Z INFO GitHubActionsService] Starting operation Location.GetConnectionData
[2024-05-27 18:13:51Z INFO RunnerServer] EstablishVssConnection
[2024-05-27 18:13:51Z INFO RunnerServer] Establish connection with 60 seconds timeout.
[2024-05-27 18:13:51Z INFO GitHubActionsService] Starting operation Location.GetConnectionData
[2024-05-27 18:13:51Z INFO RunnerServer] EstablishVssConnection
[2024-05-27 18:13:51Z INFO RunnerServer] Establish connection with 60 seconds timeout.
[2024-05-27 18:13:51Z INFO GitHubActionsService] Starting operation Location.GetConnectionData
[2024-05-27 18:13:53Z INFO GitHubActionsService] Finished operation Location.GetConnectionData
[2024-05-27 18:13:53Z INFO GitHubActionsService] Finished operation Location.GetConnectionData
[2024-05-27 18:13:53Z INFO GitHubActionsService] Finished operation Location.GetConnectionData
[2024-05-27 18:13:53Z INFO MessageListener] VssConnection created
[2024-05-27 18:13:53Z INFO Terminal] WRITE LINE: 
[2024-05-27 18:13:53Z INFO Terminal] WRITE LINE: 
[2024-05-27 18:13:53Z ERR  GitHubActionsService] POST request to https://pipelinesghubeus11.actions.githubusercontent.com/pCQifkdEQdckQQZLmbuHN8elsyNnvL02gpQIwXTnT5UpvWFIrL/_apis/distributedtask/pools/1/sessions failed. HTTP Status: Conflict
[2024-05-27 18:13:53Z ERR  MessageListener] Catch exception during create session.
[2024-05-27 18:13:53Z ERR  MessageListener] GitHub.DistributedTask.WebApi.TaskAgentSessionConflictException: The actions runner Prahlad Git lab already has an active session for owner DESKTOP-BRUIQ73.
   at GitHub.Services.WebApi.VssHttpClientBase.HandleResponseAsync(HttpResponseMessage response, CancellationToken cancellationToken)
   at GitHub.Services.WebApi.VssHttpClientBase.SendAsync(HttpRequestMessage message, HttpCompletionOption completionOption, Object userState, CancellationToken cancellationToken)
   at GitHub.Services.WebApi.VssHttpClientBase.SendAsync[T](HttpRequestMessage message, Object userState, CancellationToken cancellationToken)
   at GitHub.Services.WebApi.VssHttpClientBase.SendAsync[T](HttpMethod method, IEnumerable`1 additionalHeaders, Guid locationId, Object routeValues, ApiResourceVersion version, HttpContent content, IEnumerable`1 queryParameters, Object userState, CancellationToken cancellationToken)
   at GitHub.Runner.Listener.MessageListener.CreateSessionAsync(CancellationToken token)
[2024-05-27 18:13:53Z INFO MessageListener] The session for this runner already exists.
[2024-05-27 18:13:53Z ERR  Terminal] WRITE ERROR: A session for this runner already exists.
[2024-05-27 18:13:53Z INFO MessageListener] The session conflict exception haven't reached retry limit.
[2024-05-27 18:13:53Z INFO MessageListener] Sleeping for 30 seconds before retrying.
[2024-05-27 18:14:16Z INFO Terminal] WRITE LINE: Exiting...
[2024-05-27 18:14:16Z INFO ConfigurationStore] IsServiceConfigured()
[2024-05-27 18:14:16Z INFO ConfigurationStore] IsServiceConfigured: False
[2024-05-27 18:14:16Z INFO HostContext] Runner will be shutdown for UserCancelled
[2024-05-27 18:14:16Z INFO Listener] Runner execution been cancelled.
